[debug] [2017-07-27T16:44:52.588Z] ----------------------------------------------------------------------
[debug] [2017-07-27T16:44:52.590Z] Command:      D:\nodejs\node.exe C:\Users\Danielle\AppData\Roaming\npm\node_modules\firebase-tools\bin\firebase serve
[debug] [2017-07-27T16:44:52.591Z] CLI Version:  3.9.1
[debug] [2017-07-27T16:44:52.591Z] Platform:     win32
[debug] [2017-07-27T16:44:52.591Z] Node Version: v6.10.3
[debug] [2017-07-27T16:44:52.591Z] Time:         Thu Jul 27 2017 11:44:52 GMT-0500 (Central Daylight Time)
[debug] [2017-07-27T16:44:52.591Z] ----------------------------------------------------------------------
[debug] 
[debug] [2017-07-27T16:44:52.604Z] > command requires scopes: ["email","openid","https://www.googleapis.com/auth/cloudplatformprojects.readonly","https://www.googleapis.com/auth/firebase","https://www.googleapis.com/auth/cloud-platform"]
[debug] [2017-07-27T16:44:52.604Z] > authorizing via signed-in user
[debug] [2017-07-27T16:44:52.606Z] > refreshing access token with scopes: ["email","https://www.googleapis.com/auth/cloud-platform","https://www.googleapis.com/auth/cloudplatformprojects.readonly","https://www.googleapis.com/auth/firebase","openid"]
[debug] [2017-07-27T16:44:52.606Z] >>> HTTP REQUEST POST https://www.googleapis.com/oauth2/v3/token { refresh_token: '1/FMA2SfKnnm8OdEe3MXSRweL0GDIpq9vR8LmvFB74e-hDOvj-jQdKSerfA6SDJaT8',
  client_id: '563584335869-fgrhgmd47bqnekij5i8b5pr03ho849e6.apps.googleusercontent.com',
  client_secret: 'j9iVZfS8kkCEFUPaAeJV0sAi',
  grant_type: 'refresh_token',
  scope: 'email https://www.googleapis.com/auth/cloud-platform https://www.googleapis.com/auth/cloudplatformprojects.readonly https://www.googleapis.com/auth/firebase openid' } 
 Thu Jul 27 2017 11:44:52 GMT-0500 (Central Daylight Time)
[debug] [2017-07-27T16:44:56.066Z] <<< HTTP RESPONSE 200
[debug] [2017-07-27T16:44:56.080Z] >>> HTTP REQUEST GET https://admin.firebase.com/v1/projects/gsgtp-b4448  
 Thu Jul 27 2017 11:44:56 GMT-0500 (Central Daylight Time)
[debug] [2017-07-27T16:44:57.028Z] <<< HTTP RESPONSE 200
[debug] [2017-07-27T16:44:57.029Z] >>> HTTP REQUEST GET https://admin.firebase.com/v1/database/gsgtp-b4448/tokens  
 Thu Jul 27 2017 11:44:57 GMT-0500 (Central Daylight Time)
[debug] [2017-07-27T16:44:57.982Z] <<< HTTP RESPONSE 200
[info] 
[info] === Serving from 'D:\Danielle\Documents\Github\dcrez.github.io\projects\gsgtp-firebase'...
[info] 
[debug] [2017-07-27T16:44:57.993Z] >>> HTTP REQUEST GET https://cloudresourcemanager.googleapis.com/v1/projects/gsgtp-b4448  
 Thu Jul 27 2017 11:44:57 GMT-0500 (Central Daylight Time)
[debug] [2017-07-27T16:44:58.378Z] <<< HTTP RESPONSE 200
[debug] [2017-07-27T16:44:58.379Z] >>> HTTP REQUEST GET https://mobilesdk-pa.googleapis.com/v1/projects/553297979168/clients/_:getWebAppConfig  
 Thu Jul 27 2017 11:44:58 GMT-0500 (Central Daylight Time)
[debug] [2017-07-27T16:44:58.838Z] <<< HTTP RESPONSE 200
[debug] [2017-07-27T16:44:58.926Z] TypeError: Cannot read property 'public' of undefined
[error] 
[error] Error: An unexpected error has occurred.
